<?xml version="1.0" encoding="UTF-8"?>
<!-- Generated by org.testng.reporters.JUnitXMLReporter -->
<testsuite hostname="DESKTOP-H21MM63" name="Test" tests="3" failures="0" timestamp="29 Mar 2021 13:42:31 GMT" time="31.586" errors="0">
  <testcase name="LoginTC" time="0.034" classname="Selenium_Pravallika_maven.Selenium_Pravallika_maven.TestNG1"/>
  <testcase name="invokeBrowser" time="26.252" classname="Selenium_Pravallika_maven.Selenium_Pravallika_maven.TestNGWebDriver"/>
  <testcase name="closeBroser" time="5.213" classname="Selenium_Pravallika_maven.Selenium_Pravallika_maven.TestNGWebDriver"/>
</testsuite> <!-- Test -->
