<?xml version="1.0" encoding="UTF-8"?>
<testng-results skipped="0" failed="0" total="1" passed="1">
  <reporter-output>
  </reporter-output>
  <suite name="Default suite" duration-ms="51" started-at="2021-06-23T14:19:37Z" finished-at="2021-06-23T14:19:37Z">
    <groups>
    </groups>
    <test name="Default test" duration-ms="51" started-at="2021-06-23T14:19:37Z" finished-at="2021-06-23T14:19:37Z">
      <class name="Selenium_Pravallika_maven.Selenium_Pravallika_maven.Assert">
        <test-method status="PASS" signature="validate()[pri:0, instance:Selenium_Pravallika_maven.Selenium_Pravallika_maven.Assert@39c0f4a]" name="validate" duration-ms="20" started-at="2021-06-23T19:49:37Z" finished-at="2021-06-23T19:49:37Z">
          <reporter-output>
          </reporter-output>
        </test-method> <!-- validate -->
      </class> <!-- Selenium_Pravallika_maven.Selenium_Pravallika_maven.Assert -->
    </test> <!-- Default test -->
  </suite> <!-- Default suite -->
</testng-results>
